<?xml version="1.0" encoding="UTF-8"?>
<testsuite xmlns:xsi="http://www.w3.org/2001/XMLSchema-instance" xsi:noNamespaceSchemaLocation="https://maven.apache.org/surefire/maven-surefire-plugin/xsd/surefire-test-report-3.0.xsd" version="3.0" name="org.java.CalculatorTest" time="0.026" tests="5" errors="0" skipped="0" failures="0">
  <properties>
[...]
</properties>
  <testcase name="testDivisioneNotThrows" classname="org.java.CalculatorTest" time="0.012"/>
  <testcase name="testSottrazione" classname="org.java.CalculatorTest" time="0.001"/>
  <testcase name="testDivisioneThrows" classname="org.java.CalculatorTest" time="0.001"/>
  <testcase name="testAddizione" classname="org.java.CalculatorTest" time="0.0"/>
  <testcase name="testMoltiplicaizone" classname="org.java.CalculatorTest" time="0.001"/>
</testsuite>